<?xml version="1.0" encoding="UTF-8"?>
<!-- Generated by org.testng.reporters.JUnitXMLReporter -->
<testsuite hostname="BINGU-DL-PC" ignored="0" name="Default test" tests="2" failures="0" timestamp="25 Sep 2017 14:35:04 GMT" time="5.135" errors="0">
  <testcase name="getToAccountForm" time="4.707" classname="com.brighter.testexample.test1.GoogleTestCase"/>
  <testcase name="verifyForm" time="0.216" classname="com.brighter.testexample.test1.GoogleTestCase"/>
</testsuite> <!-- Default test -->
